build/app/intermediates/manifest_merge_blame_file/release/manifest-merger-blame-release-report.txt
1<?xml version="1.0" encoding="utf-8"?>
2<manifest xmlns:android="http://schemas.android.com/apk/res/android"
3    package="com.softhub.rentswale"
4    android:versionCode="1"
5    android:versionName="1.0.0" >
6
7    <uses-sdk
8        android:minSdkVersion="19"
8-->src\main\AndroidManifest.xml
9        android:targetSdkVersion="29" />
9-->src\main\AndroidManifest.xml
10    <!--
11         io.flutter.app.FlutterApplication is an android.app.Application that
12         calls FlutterMain.startInitialization(this); in its onCreate method.
13         In most cases you can leave this as-is, but you if you want to provide
14         additional functionality it is fine to subclass or reimplement
15         FlutterApplication and put your custom class here.
16    -->
17
18    <uses-permission android:name="android.permission.INTERNET" />
18-->src\main\AndroidManifest.xml:9:5-83
18-->src\main\AndroidManifest.xml:9:22-64
19    <uses-permission android:name="android.permission.READ_PHONE_STATE" />
19-->src\main\AndroidManifest.xml:10:9-95
19-->src\main\AndroidManifest.xml:10:26-76
20    <uses-permission android:name="android.permission.INTERNET" />
20-->src\main\AndroidManifest.xml:9:5-83
20-->src\main\AndroidManifest.xml:9:22-64
21    <uses-permission android:name="android.permission.RECEIVE_BOOT_COMPLETED" />
21-->src\main\AndroidManifest.xml:12:5-80
21-->src\main\AndroidManifest.xml:12:22-78
22    <uses-permission android:name="android.permission.VIBRATE" />
22-->src\main\AndroidManifest.xml:13:5-66
22-->src\main\AndroidManifest.xml:13:22-63
23    <uses-permission android:name="android.permission.READ_EXTERNAL_STORAGE" />
23-->[:file_picker] AndroidManifest.xml:7:5-80
23-->[:file_picker] AndroidManifest.xml:7:22-77
24
25    <queries>
25-->[:file_picker] AndroidManifest.xml:9:5-15:15
26        <intent>
26-->[:file_picker] AndroidManifest.xml:10:9-14:18
27            <action android:name="android.intent.action.GET_CONTENT" />
27-->[:file_picker] AndroidManifest.xml:11:13-72
27-->[:file_picker] AndroidManifest.xml:11:21-69
28
29            <data android:mimeType="*/*" />
29-->[:file_picker] AndroidManifest.xml:13:13-44
29-->[:file_picker] AndroidManifest.xml:13:19-41
30        </intent>
31    </queries>
32
33    <uses-permission android:name="android.permission.WAKE_LOCK" />
33-->[androidx.work:work-runtime:2.2.0] AndroidManifest.xml:25:5-68
33-->[androidx.work:work-runtime:2.2.0] AndroidManifest.xml:25:22-65
34    <uses-permission android:name="android.permission.ACCESS_NETWORK_STATE" />
34-->[androidx.work:work-runtime:2.2.0] AndroidManifest.xml:26:5-79
34-->[androidx.work:work-runtime:2.2.0] AndroidManifest.xml:26:22-76
35
36    <uses-feature
36-->[com.google.android.gms:play-services-maps:17.0.0] AndroidManifest.xml:26:5-28:35
37        android:glEsVersion="0x00020000"
37-->[com.google.android.gms:play-services-maps:17.0.0] AndroidManifest.xml:27:9-41
38        android:required="true" />
38-->[com.google.android.gms:play-services-maps:17.0.0] AndroidManifest.xml:28:9-32
39
40    <application
40-->src\main\AndroidManifest.xml:15:5-77:19
41        android:name="io.flutter.app.FlutterApplication"
41-->src\main\AndroidManifest.xml:16:9-57
42        android:appComponentFactory="androidx.core.app.CoreComponentFactory"
42-->[androidx.core:core:1.2.0-alpha04] AndroidManifest.xml:24:18-86
43        android:icon="@mipmap/ic_launcher"
43-->src\main\AndroidManifest.xml:20:9-43
44        android:label="Rentswale"
44-->src\main\AndroidManifest.xml:17:9-34
45        android:requestLegacyExternalStorage="true"
45-->src\main\AndroidManifest.xml:18:9-52
46        android:usesCleartextTraffic="true" >
46-->src\main\AndroidManifest.xml:19:9-44
47        <activity
47-->src\main\AndroidManifest.xml:21:9-49:20
48            android:name="com.softhub.rentswale.MainActivity"
48-->src\main\AndroidManifest.xml:22:13-41
49            android:configChanges="orientation|keyboardHidden|keyboard|screenSize|smallestScreenSize|locale|layoutDirection|fontScale|screenLayout|density|uiMode"
49-->src\main\AndroidManifest.xml:25:13-163
50            android:hardwareAccelerated="true"
50-->src\main\AndroidManifest.xml:26:13-47
51            android:launchMode="singleTop"
51-->src\main\AndroidManifest.xml:23:13-43
52            android:theme="@style/LaunchTheme"
52-->src\main\AndroidManifest.xml:24:13-47
53            android:windowSoftInputMode="adjustResize" >
53-->src\main\AndroidManifest.xml:27:13-55
54
55            <!--
56                 Specifies an Android theme to apply to this Activity as soon as
57                 the Android process has started. This theme is visible to the user
58                 while the Flutter UI initializes. After that, this theme continues
59                 to determine the Window background behind the Flutter UI.
60            -->
61            <meta-data
61-->src\main\AndroidManifest.xml:32:13-35:17
62                android:name="io.flutter.embedding.android.NormalTheme"
62-->src\main\AndroidManifest.xml:33:15-70
63                android:resource="@style/NormalTheme" />
63-->src\main\AndroidManifest.xml:34:15-52
64            <!--
65                 Displays an Android View that continues showing the launch screen
66                 Drawable until Flutter paints its first frame, then this splash
67                 screen fades out. A splash screen is useful to avoid any visual
68                 gap between the end of Android's launch screen and the painting of
69                 Flutter's first frame.
70            -->
71            <meta-data
71-->src\main\AndroidManifest.xml:41:13-44:17
72                android:name="io.flutter.embedding.android.SplashScreenDrawable"
72-->src\main\AndroidManifest.xml:42:15-79
73                android:resource="@drawable/launch_background" />
73-->src\main\AndroidManifest.xml:43:15-61
74
75            <intent-filter>
75-->src\main\AndroidManifest.xml:45:13-48:29
76                <action android:name="android.intent.action.MAIN" />
76-->src\main\AndroidManifest.xml:46:17-68
76-->src\main\AndroidManifest.xml:46:25-66
77
78                <category android:name="android.intent.category.LAUNCHER" />
78-->src\main\AndroidManifest.xml:47:17-76
78-->src\main\AndroidManifest.xml:47:27-74
79            </intent-filter>
80        </activity>
81        <!--
82             Don't delete the meta-data below.
83             This is used by the Flutter tool to generate GeneratedPluginRegistrant.java
84        -->
85
86        <provider
87            android:name="androidx.work.impl.WorkManagerInitializer"
87-->src\main\AndroidManifest.xml:54:13-69
88            android:authorities="com.softhub.rentswale.workmanager-init"
88-->src\main\AndroidManifest.xml:55:13-68
89            android:directBootAware="false"
89-->[androidx.work:work-runtime:2.2.0] AndroidManifest.xml:33:13-44
90            android:enabled="false"
90-->src\main\AndroidManifest.xml:56:13-36
91            android:exported="false"
91-->src\main\AndroidManifest.xml:57:13-37
92            android:multiprocess="true" />
92-->[androidx.work:work-runtime:2.2.0] AndroidManifest.xml:35:13-40
93        <provider
94            android:name="com.bluechilli.flutteruploader.FlutterUploaderInitializer"
94-->src\main\AndroidManifest.xml:60:13-85
95            android:authorities="com.softhub.rentswale.flutter-upload-init"
95-->src\main\AndroidManifest.xml:61:13-71
96            android:exported="false" >
96-->src\main\AndroidManifest.xml:62:13-37
97
98            <!-- changes this number to configure the maximum number of concurrent tasks -->
99            <meta-data
99-->src\main\AndroidManifest.xml:64:13-66:37
100                android:name="com.bluechilli.flutterupload.MAX_CONCURRENT_TASKS"
100-->src\main\AndroidManifest.xml:65:17-81
101                android:value="3" />
101-->src\main\AndroidManifest.xml:66:17-34
102
103            <!-- changes this number to configure connection timeout for the upload http request -->
104            <meta-data
104-->src\main\AndroidManifest.xml:69:13-130
105                android:name="com.bluechilli.flutteruploader.UPLOAD_CONNECTION_TIMEOUT_IN_SECONDS"
105-->src\main\AndroidManifest.xml:69:24-106
106                android:value="4000" />
106-->src\main\AndroidManifest.xml:69:107-127
107        </provider>
108
109        <meta-data
109-->src\main\AndroidManifest.xml:73:9-75:33
110            android:name="flutterEmbedding"
110-->src\main\AndroidManifest.xml:74:13-44
111            android:value="2" />
111-->src\main\AndroidManifest.xml:75:13-30
112        <meta-data
112-->[:pay_android] AndroidManifest.xml:12:9-14:36
113            android:name="com.google.android.gms.wallet.api.enabled"
113-->[:pay_android] AndroidManifest.xml:13:13-69
114            android:value="true" />
114-->[:pay_android] AndroidManifest.xml:14:13-33
115
116        <provider
116-->[:image_picker] AndroidManifest.xml:8:9-16:20
117            android:name="io.flutter.plugins.imagepicker.ImagePickerFileProvider"
117-->[:image_picker] AndroidManifest.xml:9:13-82
118            android:authorities="com.softhub.rentswale.flutter.image_provider"
118-->[:image_picker] AndroidManifest.xml:10:13-74
119            android:exported="false"
119-->[:image_picker] AndroidManifest.xml:11:13-37
120            android:grantUriPermissions="true" >
120-->[:image_picker] AndroidManifest.xml:12:13-47
121            <meta-data
121-->[:image_picker] AndroidManifest.xml:13:13-15:75
122                android:name="android.support.FILE_PROVIDER_PATHS"
122-->[:image_picker] AndroidManifest.xml:14:17-67
123                android:resource="@xml/flutter_image_picker_file_paths" />
123-->[:image_picker] AndroidManifest.xml:15:17-72
124        </provider>
125
126        <activity
126-->[:razorpay_flutter] AndroidManifest.xml:8:9-11:20
127            android:name="com.razorpay.CheckoutActivity"
127-->[:razorpay_flutter] AndroidManifest.xml:9:13-57
128            android:configChanges="keyboard|keyboardHidden|orientation|screenSize"
128-->[com.razorpay:checkout:1.6.10] AndroidManifest.xml:20:13-83
129            android:label="Razorpay Checkout"
129-->[:razorpay_flutter] AndroidManifest.xml:10:13-46
130            android:theme="@style/CheckoutTheme" >
130-->[com.razorpay:checkout:1.6.10] AndroidManifest.xml:21:13-49
131            <intent-filter>
131-->[com.razorpay:checkout:1.6.10] AndroidManifest.xml:22:13-28:29
132                <action android:name="android.intent.action.MAIN" />
132-->src\main\AndroidManifest.xml:46:17-68
132-->src\main\AndroidManifest.xml:46:25-66
133
134                <data
134-->[:file_picker] AndroidManifest.xml:13:13-44
135                    android:host="rzp.io"
136                    android:scheme="io.rzp" />
137            </intent-filter>
138        </activity>
139        <activity
139-->[:url_launcher] AndroidManifest.xml:8:9-11:74
140            android:name="io.flutter.plugins.urllauncher.WebViewActivity"
140-->[:url_launcher] AndroidManifest.xml:9:13-74
141            android:exported="false"
141-->[:url_launcher] AndroidManifest.xml:10:13-37
142            android:theme="@android:style/Theme.NoTitleBar.Fullscreen" />
142-->[:url_launcher] AndroidManifest.xml:11:13-71
143
144        <service
144-->[androidx.work:work-runtime:2.2.0] AndroidManifest.xml:38:9-43:35
145            android:name="androidx.work.impl.background.systemalarm.SystemAlarmService"
145-->[androidx.work:work-runtime:2.2.0] AndroidManifest.xml:39:13-88
146            android:directBootAware="false"
146-->[androidx.work:work-runtime:2.2.0] AndroidManifest.xml:40:13-44
147            android:enabled="@bool/enable_system_alarm_service_default"
147-->[androidx.work:work-runtime:2.2.0] AndroidManifest.xml:41:13-72
148            android:exported="false" />
148-->[androidx.work:work-runtime:2.2.0] AndroidManifest.xml:42:13-37
149        <service
149-->[androidx.work:work-runtime:2.2.0] AndroidManifest.xml:44:9-50:35
150            android:name="androidx.work.impl.background.systemjob.SystemJobService"
150-->[androidx.work:work-runtime:2.2.0] AndroidManifest.xml:45:13-84
151            android:directBootAware="false"
151-->[androidx.work:work-runtime:2.2.0] AndroidManifest.xml:46:13-44
152            android:enabled="@bool/enable_system_job_service_default"
152-->[androidx.work:work-runtime:2.2.0] AndroidManifest.xml:47:13-70
153            android:exported="true"
153-->[androidx.work:work-runtime:2.2.0] AndroidManifest.xml:48:13-36
154            android:permission="android.permission.BIND_JOB_SERVICE" />
154-->[androidx.work:work-runtime:2.2.0] AndroidManifest.xml:49:13-69
155
156        <receiver
156-->[androidx.work:work-runtime:2.2.0] AndroidManifest.xml:52:9-57:35
157            android:name="androidx.work.impl.utils.ForceStopRunnable$BroadcastReceiver"
157-->[androidx.work:work-runtime:2.2.0] AndroidManifest.xml:53:13-88
158            android:directBootAware="false"
158-->[androidx.work:work-runtime:2.2.0] AndroidManifest.xml:54:13-44
159            android:enabled="true"
159-->[androidx.work:work-runtime:2.2.0] AndroidManifest.xml:55:13-35
160            android:exported="false" />
160-->[androidx.work:work-runtime:2.2.0] AndroidManifest.xml:56:13-37
161        <receiver
161-->[androidx.work:work-runtime:2.2.0] AndroidManifest.xml:58:9-68:20
162            android:name="androidx.work.impl.background.systemalarm.ConstraintProxy$BatteryChargingProxy"
162-->[androidx.work:work-runtime:2.2.0] AndroidManifest.xml:59:13-106
163            android:directBootAware="false"
163-->[androidx.work:work-runtime:2.2.0] AndroidManifest.xml:60:13-44
164            android:enabled="false"
164-->[androidx.work:work-runtime:2.2.0] AndroidManifest.xml:61:13-36
165            android:exported="false" >
165-->[androidx.work:work-runtime:2.2.0] AndroidManifest.xml:62:13-37
166            <intent-filter>
166-->[androidx.work:work-runtime:2.2.0] AndroidManifest.xml:64:13-67:29
167                <action android:name="android.intent.action.ACTION_POWER_CONNECTED" />
167-->[androidx.work:work-runtime:2.2.0] AndroidManifest.xml:65:17-87
167-->[androidx.work:work-runtime:2.2.0] AndroidManifest.xml:65:25-84
168                <action android:name="android.intent.action.ACTION_POWER_DISCONNECTED" />
168-->[androidx.work:work-runtime:2.2.0] AndroidManifest.xml:66:17-90
168-->[androidx.work:work-runtime:2.2.0] AndroidManifest.xml:66:25-87
169            </intent-filter>
170        </receiver>
171        <receiver
171-->[androidx.work:work-runtime:2.2.0] AndroidManifest.xml:69:9-79:20
172            android:name="androidx.work.impl.background.systemalarm.ConstraintProxy$BatteryNotLowProxy"
172-->[androidx.work:work-runtime:2.2.0] AndroidManifest.xml:70:13-104
173            android:directBootAware="false"
173-->[androidx.work:work-runtime:2.2.0] AndroidManifest.xml:71:13-44
174            android:enabled="false"
174-->[androidx.work:work-runtime:2.2.0] AndroidManifest.xml:72:13-36
175            android:exported="false" >
175-->[androidx.work:work-runtime:2.2.0] AndroidManifest.xml:73:13-37
176            <intent-filter>
176-->[androidx.work:work-runtime:2.2.0] AndroidManifest.xml:75:13-78:29
177                <action android:name="android.intent.action.BATTERY_OKAY" />
177-->[androidx.work:work-runtime:2.2.0] AndroidManifest.xml:76:17-77
177-->[androidx.work:work-runtime:2.2.0] AndroidManifest.xml:76:25-74
178                <action android:name="android.intent.action.BATTERY_LOW" />
178-->[androidx.work:work-runtime:2.2.0] AndroidManifest.xml:77:17-76
178-->[androidx.work:work-runtime:2.2.0] AndroidManifest.xml:77:25-73
179            </intent-filter>
180        </receiver>
181        <receiver
181-->[androidx.work:work-runtime:2.2.0] AndroidManifest.xml:80:9-90:20
182            android:name="androidx.work.impl.background.systemalarm.ConstraintProxy$StorageNotLowProxy"
182-->[androidx.work:work-runtime:2.2.0] AndroidManifest.xml:81:13-104
183            android:directBootAware="false"
183-->[androidx.work:work-runtime:2.2.0] AndroidManifest.xml:82:13-44
184            android:enabled="false"
184-->[androidx.work:work-runtime:2.2.0] AndroidManifest.xml:83:13-36
185            android:exported="false" >
185-->[androidx.work:work-runtime:2.2.0] AndroidManifest.xml:84:13-37
186            <intent-filter>
186-->[androidx.work:work-runtime:2.2.0] AndroidManifest.xml:86:13-89:29
187                <action android:name="android.intent.action.DEVICE_STORAGE_LOW" />
187-->[androidx.work:work-runtime:2.2.0] AndroidManifest.xml:87:17-83
187-->[androidx.work:work-runtime:2.2.0] AndroidManifest.xml:87:25-80
188                <action android:name="android.intent.action.DEVICE_STORAGE_OK" />
188-->[androidx.work:work-runtime:2.2.0] AndroidManifest.xml:88:17-82
188-->[androidx.work:work-runtime:2.2.0] AndroidManifest.xml:88:25-79
189            </intent-filter>
190        </receiver>
191        <receiver
191-->[androidx.work:work-runtime:2.2.0] AndroidManifest.xml:91:9-100:20
192            android:name="androidx.work.impl.background.systemalarm.ConstraintProxy$NetworkStateProxy"
192-->[androidx.work:work-runtime:2.2.0] AndroidManifest.xml:92:13-103
193            android:directBootAware="false"
193-->[androidx.work:work-runtime:2.2.0] AndroidManifest.xml:93:13-44
194            android:enabled="false"
194-->[androidx.work:work-runtime:2.2.0] AndroidManifest.xml:94:13-36
195            android:exported="false" >
195-->[androidx.work:work-runtime:2.2.0] AndroidManifest.xml:95:13-37
196            <intent-filter>
196-->[androidx.work:work-runtime:2.2.0] AndroidManifest.xml:97:13-99:29
197                <action android:name="android.net.conn.CONNECTIVITY_CHANGE" />
197-->[androidx.work:work-runtime:2.2.0] AndroidManifest.xml:98:17-79
197-->[androidx.work:work-runtime:2.2.0] AndroidManifest.xml:98:25-76
198            </intent-filter>
199        </receiver>
200        <receiver
200-->[androidx.work:work-runtime:2.2.0] AndroidManifest.xml:101:9-112:20
201            android:name="androidx.work.impl.background.systemalarm.RescheduleReceiver"
201-->[androidx.work:work-runtime:2.2.0] AndroidManifest.xml:102:13-88
202            android:directBootAware="false"
202-->[androidx.work:work-runtime:2.2.0] AndroidManifest.xml:103:13-44
203            android:enabled="false"
203-->[androidx.work:work-runtime:2.2.0] AndroidManifest.xml:104:13-36
204            android:exported="false" >
204-->[androidx.work:work-runtime:2.2.0] AndroidManifest.xml:105:13-37
205            <intent-filter>
205-->[androidx.work:work-runtime:2.2.0] AndroidManifest.xml:107:13-111:29
206                <action android:name="android.intent.action.BOOT_COMPLETED" />
206-->[androidx.work:work-runtime:2.2.0] AndroidManifest.xml:108:17-79
206-->[androidx.work:work-runtime:2.2.0] AndroidManifest.xml:108:25-76
207                <action android:name="android.intent.action.TIME_SET" />
207-->[androidx.work:work-runtime:2.2.0] AndroidManifest.xml:109:17-73
207-->[androidx.work:work-runtime:2.2.0] AndroidManifest.xml:109:25-70
208                <action android:name="android.intent.action.TIMEZONE_CHANGED" />
208-->[androidx.work:work-runtime:2.2.0] AndroidManifest.xml:110:17-81
208-->[androidx.work:work-runtime:2.2.0] AndroidManifest.xml:110:25-78
209            </intent-filter>
210        </receiver>
211        <receiver
211-->[androidx.work:work-runtime:2.2.0] AndroidManifest.xml:113:9-122:20
212            android:name="androidx.work.impl.background.systemalarm.ConstraintProxyUpdateReceiver"
212-->[androidx.work:work-runtime:2.2.0] AndroidManifest.xml:114:13-99
213            android:directBootAware="false"
213-->[androidx.work:work-runtime:2.2.0] AndroidManifest.xml:115:13-44
214            android:enabled="@bool/enable_system_alarm_service_default"
214-->[androidx.work:work-runtime:2.2.0] AndroidManifest.xml:116:13-72
215            android:exported="false" >
215-->[androidx.work:work-runtime:2.2.0] AndroidManifest.xml:117:13-37
216            <intent-filter>
216-->[androidx.work:work-runtime:2.2.0] AndroidManifest.xml:119:13-121:29
217                <action android:name="androidx.work.impl.background.systemalarm.UpdateProxies" />
217-->[androidx.work:work-runtime:2.2.0] AndroidManifest.xml:120:17-98
217-->[androidx.work:work-runtime:2.2.0] AndroidManifest.xml:120:25-95
218            </intent-filter>
219        </receiver> <!-- Needs to be explicitly declared on P+ -->
220        <uses-library
220-->[com.google.android.gms:play-services-maps:17.0.0] AndroidManifest.xml:33:9-35:40
221            android:name="org.apache.http.legacy"
221-->[com.google.android.gms:play-services-maps:17.0.0] AndroidManifest.xml:34:13-50
222            android:required="false" />
222-->[com.google.android.gms:play-services-maps:17.0.0] AndroidManifest.xml:35:13-37
223
224        <receiver android:name="com.razorpay.RzpTokenReceiver" >
224-->[com.razorpay:checkout:1.6.10] AndroidManifest.xml:12:9-16:20
224-->[com.razorpay:checkout:1.6.10] AndroidManifest.xml:12:19-63
225            <intent-filter>
225-->[com.razorpay:checkout:1.6.10] AndroidManifest.xml:13:13-15:29
226                <action android:name="rzp.device_token.share" />
226-->[com.razorpay:checkout:1.6.10] AndroidManifest.xml:14:17-65
226-->[com.razorpay:checkout:1.6.10] AndroidManifest.xml:14:25-62
227            </intent-filter>
228        </receiver>
229
230        <activity
230-->[com.google.android.gms:play-services-auth:17.0.0] AndroidManifest.xml:23:9-27:75
231            android:name="com.google.android.gms.auth.api.signin.internal.SignInHubActivity"
231-->[com.google.android.gms:play-services-auth:17.0.0] AndroidManifest.xml:24:13-93
232            android:excludeFromRecents="true"
232-->[com.google.android.gms:play-services-auth:17.0.0] AndroidManifest.xml:25:13-46
233            android:exported="false"
233-->[com.google.android.gms:play-services-auth:17.0.0] AndroidManifest.xml:26:13-37
234            android:theme="@android:style/Theme.Translucent.NoTitleBar" />
234-->[com.google.android.gms:play-services-auth:17.0.0] AndroidManifest.xml:27:13-72
235        <!--
236            Service handling Google Sign-In user revocation. For apps that do not integrate with
237            Google Sign-In, this service will never be started.
238        -->
239        <service
239-->[com.google.android.gms:play-services-auth:17.0.0] AndroidManifest.xml:33:9-36:110
240            android:name="com.google.android.gms.auth.api.signin.RevocationBoundService"
240-->[com.google.android.gms:play-services-auth:17.0.0] AndroidManifest.xml:34:13-89
241            android:exported="true"
241-->[com.google.android.gms:play-services-auth:17.0.0] AndroidManifest.xml:35:13-36
242            android:permission="com.google.android.gms.auth.api.signin.permission.REVOCATION_NOTIFICATION" />
242-->[com.google.android.gms:play-services-auth:17.0.0] AndroidManifest.xml:36:13-107
243
244        <activity
244-->[com.google.android.gms:play-services-base:17.0.0] AndroidManifest.xml:23:9-26:75
245            android:name="com.google.android.gms.common.api.GoogleApiActivity"
245-->[com.google.android.gms:play-services-base:17.0.0] AndroidManifest.xml:24:13-79
246            android:exported="false"
246-->[com.google.android.gms:play-services-base:17.0.0] AndroidManifest.xml:25:13-37
247            android:theme="@android:style/Theme.Translucent.NoTitleBar" />
247-->[com.google.android.gms:play-services-base:17.0.0] AndroidManifest.xml:26:13-72
248
249        <meta-data
249-->[com.google.android.gms:play-services-basement:17.0.0] AndroidManifest.xml:23:9-25:69
250            android:name="com.google.android.gms.version"
250-->[com.google.android.gms:play-services-basement:17.0.0] AndroidManifest.xml:24:13-58
251            android:value="@integer/google_play_services_version" />
251-->[com.google.android.gms:play-services-basement:17.0.0] AndroidManifest.xml:25:13-66
252
253        <service
253-->[androidx.room:room-runtime:2.1.0] AndroidManifest.xml:25:9-27:40
254            android:name="androidx.room.MultiInstanceInvalidationService"
254-->[androidx.room:room-runtime:2.1.0] AndroidManifest.xml:26:13-74
255            android:exported="false" />
255-->[androidx.room:room-runtime:2.1.0] AndroidManifest.xml:27:13-37
256    </application>
257
258</manifest>